<?xml version="1.0" encoding="UTF-8"?>
<!-- Generated by org.testng.reporters.JUnitXMLReporter -->
<testsuite ignored="0" hostname="AMAXW2LW4L760" failures="0" tests="5" name="Default test" time="57.925" errors="0" timestamp="2024-01-08T23:49:53 IST">
  <testcase classname="Test.DemoBlazeTest2" name="testSignUp" time="6.275"/>
  <testcase classname="Test.DemoBlazeTest2" name="testLogin" time="14.031"/>
  <testcase classname="Test.DemoBlazeTest2" name="testHomePage" time="0.167"/>
  <testcase classname="Test.DemoBlazeTest2" name="testAddProductToCart" time="16.012"/>
  <testcase classname="Test.DemoBlazeTest2" name="testCheckout" time="4.054"/>
</testsuite> <!-- Default test -->
