<?xml version="1.0" encoding="UTF-8"?>
<!-- Generated by org.testng.reporters.JUnitXMLReporter -->
<testsuite ignored="0" hostname="AMAXW2LW4L760" failures="0" tests="5" name="Default test" time="49.24" errors="0" timestamp="2024-01-08T08:21:56 IST">
  <testcase classname="Test.DemoBlazeTest2" name="testSignUp" time="10.286"/>
  <testcase classname="Test.DemoBlazeTest2" name="testLogin" time="9.124"/>
  <testcase classname="Test.DemoBlazeTest2" name="testHomePage" time="0.45"/>
  <testcase classname="Test.DemoBlazeTest2" name="testAddProductToCart" time="15.956"/>
  <testcase classname="Test.DemoBlazeTest2" name="testCheckout" time="4.01"/>
</testsuite> <!-- Default test -->
