<?xml version="1.0" encoding="UTF-8"?>
<testng-results ignored="0" total="5" passed="5" failed="0" skipped="0">
  <reporter-output>
  </reporter-output>
  <suite started-at="2024-01-08T08:21:07 IST" name="Default suite" finished-at="2024-01-08T08:21:56 IST" duration-ms="49240">
    <groups>
    </groups>
    <test started-at="2024-01-08T08:21:07 IST" name="Default test" finished-at="2024-01-08T08:21:56 IST" duration-ms="49240">
      <class name="Test.DemoBlazeTest2">
        <test-method is-config="true" signature="setUp()[pri:0, instance:Test.DemoBlazeTest2@3c22fc4c]" started-at="2024-01-08T08:21:07 IST" name="setUp" finished-at="2024-01-08T08:21:16 IST" duration-ms="9256" status="PASS">
          <reporter-output>
          </reporter-output>
        </test-method> <!-- setUp -->
        <test-method signature="testSignUp(java.lang.String,java.lang.String)[pri:0, instance:Test.DemoBlazeTest2@3c22fc4c]" started-at="2024-01-08T08:21:16 IST" name="testSignUp" data-provider="signupData" finished-at="2024-01-08T08:21:27 IST" duration-ms="10286" status="PASS">
          <params>
            <param index="0">
              <value>
                <![CDATA[ytutieowjdjfhgyureiwisjsdhdhg]]>
              </value>
            </param>
            <param index="1">
              <value>
                <![CDATA[12345]]>
              </value>
            </param>
          </params>
          <reporter-output>
          </reporter-output>
        </test-method> <!-- testSignUp -->
        <test-method signature="testLogin()[pri:1, instance:Test.DemoBlazeTest2@3c22fc4c]" started-at="2024-01-08T08:21:27 IST" name="testLogin" finished-at="2024-01-08T08:21:36 IST" duration-ms="9124" status="PASS">
          <reporter-output>
          </reporter-output>
        </test-method> <!-- testLogin -->
        <test-method signature="testHomePage()[pri:2, instance:Test.DemoBlazeTest2@3c22fc4c]" started-at="2024-01-08T08:21:36 IST" name="testHomePage" finished-at="2024-01-08T08:21:36 IST" duration-ms="450" status="PASS">
          <reporter-output>
          </reporter-output>
        </test-method> <!-- testHomePage -->
        <test-method signature="testAddProductToCart()[pri:3, instance:Test.DemoBlazeTest2@3c22fc4c]" started-at="2024-01-08T08:21:36 IST" name="testAddProductToCart" finished-at="2024-01-08T08:21:52 IST" duration-ms="15956" status="PASS">
          <reporter-output>
          </reporter-output>
        </test-method> <!-- testAddProductToCart -->
        <test-method signature="testCheckout()[pri:4, instance:Test.DemoBlazeTest2@3c22fc4c]" started-at="2024-01-08T08:21:52 IST" name="testCheckout" finished-at="2024-01-08T08:21:56 IST" duration-ms="4010" status="PASS">
          <reporter-output>
          </reporter-output>
        </test-method> <!-- testCheckout -->
        <test-method is-config="true" signature="tearDown()[pri:0, instance:Test.DemoBlazeTest2@3c22fc4c]" started-at="2024-01-08T08:21:56 IST" name="tearDown" finished-at="2024-01-08T08:21:56 IST" duration-ms="139" status="PASS">
          <reporter-output>
          </reporter-output>
        </test-method> <!-- tearDown -->
      </class> <!-- Test.DemoBlazeTest2 -->
    </test> <!-- Default test -->
  </suite> <!-- Default suite -->
</testng-results>
